0 info it worked if it ends with ok
1 verbose cli [ '/home/ubuntu/.nvm/v0.10.35/bin/node',
1 verbose cli   '/home/ubuntu/.nvm/v0.10.35/bin/npm',
1 verbose cli   'install',
1 verbose cli   '--save',
1 verbose cli   'express-partials@0.3.0.' ]
2 info using npm@1.4.28
3 info using node@v0.10.35
4 verbose readDependencies using package.json deps
5 verbose cache add [ 'express-partials@0.3.0.', null ]
6 verbose cache add name=undefined spec="express-partials@0.3.0." args=["express-partials@0.3.0.",null]
7 verbose parsed url { protocol: null,
7 verbose parsed url   slashes: null,
7 verbose parsed url   auth: null,
7 verbose parsed url   host: null,
7 verbose parsed url   port: null,
7 verbose parsed url   hostname: null,
7 verbose parsed url   hash: null,
7 verbose parsed url   search: null,
7 verbose parsed url   query: null,
7 verbose parsed url   pathname: 'express-partials@0.3.0.',
7 verbose parsed url   path: 'express-partials@0.3.0.',
7 verbose parsed url   href: 'express-partials@0.3.0.' }
8 verbose cache add name="express-partials" spec="0.3.0." args=["express-partials","0.3.0."]
9 verbose parsed url { protocol: null,
9 verbose parsed url   slashes: null,
9 verbose parsed url   auth: null,
9 verbose parsed url   host: null,
9 verbose parsed url   port: null,
9 verbose parsed url   hostname: null,
9 verbose parsed url   hash: null,
9 verbose parsed url   search: null,
9 verbose parsed url   query: null,
9 verbose parsed url   pathname: '0.3.0.',
9 verbose parsed url   path: '0.3.0.',
9 verbose parsed url   href: '0.3.0.' }
10 verbose addNamed [ 'express-partials', '0.3.0.' ]
11 verbose addNamed [ null, null ]
12 silly lockFile 462b390a-express-partials-0-3-0 express-partials@0.3.0.
13 verbose lock express-partials@0.3.0. /home/ubuntu/.npm/462b390a-express-partials-0-3-0.lock
14 info addNameTag [ 'express-partials', '0.3.0.' ]
15 verbose request where is /express-partials
16 verbose request registry https://registry.npmjs.org/
17 verbose request id 978a30a9ab5ea73f
18 verbose url raw /express-partials
19 verbose url resolving [ 'https://registry.npmjs.org/', './express-partials' ]
20 verbose url resolved https://registry.npmjs.org/express-partials
21 verbose request where is https://registry.npmjs.org/express-partials
22 info trying registry request attempt 1 at 12:08:26
23 http GET https://registry.npmjs.org/express-partials
24 http 200 https://registry.npmjs.org/express-partials
25 silly registry.get cb [ 200,
25 silly registry.get   { server: 'CouchDB/1.5.0 (Erlang OTP/R16B03)',
25 silly registry.get     etag: '"80VJNZTLZSMAY89I4WATBDVJS"',
25 silly registry.get     'content-type': 'application/json',
25 silly registry.get     'cache-control': 'max-age=60',
25 silly registry.get     'content-length': '13449',
25 silly registry.get     'accept-ranges': 'bytes',
25 silly registry.get     date: 'Wed, 17 Jun 2015 12:08:27 GMT',
25 silly registry.get     via: '1.1 varnish',
25 silly registry.get     age: '0',
25 silly registry.get     connection: 'keep-alive',
25 silly registry.get     'x-served-by': 'cache-lcy1123-LCY',
25 silly registry.get     'x-cache': 'MISS',
25 silly registry.get     'x-cache-hits': '0',
25 silly registry.get     'x-timer': 'S1434542906.629403,VS0,VE405',
25 silly registry.get     vary: 'Accept' } ]
26 silly lockFile 462b390a-express-partials-0-3-0 express-partials@0.3.0.
27 silly lockFile 462b390a-express-partials-0-3-0 express-partials@0.3.0.
28 error notarget No compatible version found: express-partials@'0.3.0.'
28 error notarget Valid install targets:
28 error notarget ["0.0.1","0.0.2","0.0.3","0.0.4","0.0.5","0.0.6","0.1.0","0.1.1","0.2.0","0.3.0"]
28 error notarget
28 error notarget This is most likely not a problem with npm itself.
28 error notarget In most cases you or one of your dependencies are requesting
28 error notarget a package version that doesn't exist.
29 error System Linux 3.14.13-c9
30 error command "/home/ubuntu/.nvm/v0.10.35/bin/node" "/home/ubuntu/.nvm/v0.10.35/bin/npm" "install" "--save" "express-partials@0.3.0."
31 error cwd /home/ubuntu/workspace/misProyectos/quiz
32 error node -v v0.10.35
33 error npm -v 1.4.28
34 error code ETARGET
35 verbose exit [ 1, true ]
